2024-10-29 00:38:52,539 | INFO | Starting hyperparameter search
2024-10-29 00:38:52,540 | INFO | Hyperparameter search space:
2024-10-29 00:38:52,540 | INFO | {
  "predictor_lr": [
    5e-05,
    0.0005,
    0.001
  ],
  "weight_decay": [
    0.001,
    0.05,
    0.1
  ],
  "beta1": [
    0.9,
    0.95
  ],
  "beta2": [
    0.999,
    0.9999
  ],
  "hidden_dim": [
    256,
    768,
    1024
  ],
  "dropout_rate": [
    0.1,
    0.3,
    0.4,
    0.5
  ],
  "num_hidden_layers": [
    1,
    2,
    3
  ]
}
2024-10-29 00:38:52,758 | INFO | Dataset loaded successfully with 70213 samples
2024-10-29 00:38:52,762 | INFO | Dataset split: 63192 train, 7021 validation samples
2024-10-29 00:38:52,764 | INFO | Attribute dimensions:
2024-10-29 00:38:52,764 | INFO | {
  "Kurtis_color": 13,
  "Kurtis_fit_shape": 2,
  "Kurtis_length": 2,
  "Kurtis_occasion": 2,
  "Kurtis_ornamentation": 2,
  "Kurtis_pattern": 2,
  "Kurtis_print_or_pattern_type": 2,
  "Kurtis_sleeve_length": 3,
  "Kurtis_sleeve_styling": 2,
  "Men Tshirts_color": 4,
  "Men Tshirts_neck": 2,
  "Men Tshirts_pattern": 2,
  "Men Tshirts_print_or_pattern_type": 3,
  "Men Tshirts_sleeve_length": 2,
  "Sarees_blouse_pattern": 4,
  "Sarees_border": 6,
  "Sarees_border_width": 3,
  "Sarees_color": 8,
  "Sarees_occasion": 4,
  "Sarees_ornamentation": 3,
  "Sarees_pallu_details": 4,
  "Sarees_pattern": 5,
  "Sarees_print_or_pattern_type": 9,
  "Sarees_transparency": 2,
  "Women Tops & Tunics_color": 12,
  "Women Tops & Tunics_fit_shape": 4,
  "Women Tops & Tunics_length": 2,
  "Women Tops & Tunics_neck_collar": 7,
  "Women Tops & Tunics_occasion": 2,
  "Women Tops & Tunics_pattern": 3,
  "Women Tops & Tunics_print_or_pattern_type": 6,
  "Women Tops & Tunics_sleeve_length": 4,
  "Women Tops & Tunics_sleeve_styling": 4,
  "Women Tops & Tunics_surface_styling": 6,
  "Women Tshirts_color": 7,
  "Women Tshirts_fit_shape": 3,
  "Women Tshirts_length": 3,
  "Women Tshirts_pattern": 3,
  "Women Tshirts_print_or_pattern_type": 6,
  "Women Tshirts_sleeve_length": 3,
  "Women Tshirts_sleeve_styling": 2,
  "Women Tshirts_surface_styling": 2
}
2024-10-29 00:38:53,088 | INFO | 
Initialized model with architecture parameters:
2024-10-29 00:38:53,089 | INFO | Hidden Dim: 256, Dropout: 0.1, Layers: 1
2024-10-29 00:38:53,089 | INFO | 
Starting training with optimizer parameters:
2024-10-29 00:38:53,089 | INFO | Predictor LR: 5e-05, Weight Decay: 0.001, Beta1: 0.9, Beta2: 0.999
2024-10-29 00:38:53,089 | INFO | Starting new training run with validation
2024-10-29 00:38:53,090 | INFO | Training hyperparameters:
2024-10-29 00:38:53,090 | INFO | {
  "predictor_lr": 5e-05,
  "weight_decay": 0.001,
  "beta1": 0.9,
  "beta2": 0.999,
  "num_epochs": 40,
  "patience": 10,
  "device": "cuda",
  "model_architecture": "CategoryAwareAttributePredictor(\n  (attribute_predictors): ModuleDict(\n    (Kurtis_color): Sequential(\n      (0): Linear(in_features=512, out_features=256, bias=True)\n      (1): ReLU()\n      (2): Dropout(p=0.1, inplace=False)\n      (3): Linear(in_features=256, out_features=13, bias=True)\n    )\n    (Kurtis_fit_shape): Sequential(\n      (0): Linear(in_features=512, out_features=256, bias=True)\n      (1): ReLU()\n      (2): Dropout(p=0.1, inplace=False)\n      (3): Linear(in_features=256, out_features=2, bias=True)\n    )\n    (Kurtis_length): Sequential(\n      (0): Linear(in_features=512, out_features=256, bias=True)\n      (1): ReLU()\n      (2): Dropout(p=0.1, inplace=False)\n      (3): Linear(in_features=256, out_features=2, bias=True)\n    )\n    (Kurtis_occasion): Sequential(\n      (0): Linear(in_features=512, out_features=256, bias=True)\n      (1): ReLU()\n      (2): Dropout(p=0.1, inplace=False)\n      (3): Linear(in_features=256, out_features=2, bias=True)\n    )\n    (Kurtis_ornamentation): Sequential(\n      (0): Linear(in_features=512, out_features=256, bias=True)\n      (1): ReLU()\n      (2): Dropout(p=0.1, inplace=False)\n      (3): Linear(in_features=256, out_features=2, bias=True)\n    )\n    (Kurtis_pattern): Sequential(\n      (0): Linear(in_features=512, out_features=256, bias=True)\n      (1): ReLU()\n      (2): Dropout(p=0.1, inplace=False)\n      (3): Linear(in_features=256, out_features=2, bias=True)\n    )\n    (Kurtis_print_or_pattern_type): Sequential(\n      (0): Linear(in_features=512, out_features=256, bias=True)\n      (1): ReLU()\n      (2): Dropout(p=0.1, inplace=False)\n      (3): Linear(in_features=256, out_features=2, bias=True)\n    )\n    (Kurtis_sleeve_length): Sequential(\n      (0): Linear(in_features=512, out_features=256, bias=True)\n      (1): ReLU()\n      (2): Dropout(p=0.1, inplace=False)\n      (3): Linear(in_features=256, out_features=3, bias=True)\n    )\n    (Kurtis_sleeve_styling): Sequential(\n      (0): Linear(in_features=512, out_features=256, bias=True)\n      (1): ReLU()\n      (2): Dropout(p=0.1, inplace=False)\n      (3): Linear(in_features=256, out_features=2, bias=True)\n    )\n    (Men Tshirts_color): Sequential(\n      (0): Linear(in_features=512, out_features=256, bias=True)\n      (1): ReLU()\n      (2): Dropout(p=0.1, inplace=False)\n      (3): Linear(in_features=256, out_features=4, bias=True)\n    )\n    (Men Tshirts_neck): Sequential(\n      (0): Linear(in_features=512, out_features=256, bias=True)\n      (1): ReLU()\n      (2): Dropout(p=0.1, inplace=False)\n      (3): Linear(in_features=256, out_features=2, bias=True)\n    )\n    (Men Tshirts_pattern): Sequential(\n      (0): Linear(in_features=512, out_features=256, bias=True)\n      (1): ReLU()\n      (2): Dropout(p=0.1, inplace=False)\n      (3): Linear(in_features=256, out_features=2, bias=True)\n    )\n    (Men Tshirts_print_or_pattern_type): Sequential(\n      (0): Linear(in_features=512, out_features=256, bias=True)\n      (1): ReLU()\n      (2): Dropout(p=0.1, inplace=False)\n      (3): Linear(in_features=256, out_features=3, bias=True)\n    )\n    (Men Tshirts_sleeve_length): Sequential(\n      (0): Linear(in_features=512, out_features=256, bias=True)\n      (1): ReLU()\n      (2): Dropout(p=0.1, inplace=False)\n      (3): Linear(in_features=256, out_features=2, bias=True)\n    )\n    (Sarees_blouse_pattern): Sequential(\n      (0): Linear(in_features=512, out_features=256, bias=True)\n      (1): ReLU()\n      (2): Dropout(p=0.1, inplace=False)\n      (3): Linear(in_features=256, out_features=4, bias=True)\n    )\n    (Sarees_border): Sequential(\n      (0): Linear(in_features=512, out_features=256, bias=True)\n      (1): ReLU()\n      (2): Dropout(p=0.1, inplace=False)\n      (3): Linear(in_features=256, out_features=6, bias=True)\n    )\n    (Sarees_border_width): Sequential(\n      (0): Linear(in_features=512, out_features=256, bias=True)\n      (1): ReLU()\n      (2): Dropout(p=0.1, inplace=False)\n      (3): Linear(in_features=256, out_features=3, bias=True)\n    )\n    (Sarees_color): Sequential(\n      (0): Linear(in_features=512, out_features=256, bias=True)\n      (1): ReLU()\n      (2): Dropout(p=0.1, inplace=False)\n      (3): Linear(in_features=256, out_features=8, bias=True)\n    )\n    (Sarees_occasion): Sequential(\n      (0): Linear(in_features=512, out_features=256, bias=True)\n      (1): ReLU()\n      (2): Dropout(p=0.1, inplace=False)\n      (3): Linear(in_features=256, out_features=4, bias=True)\n    )\n    (Sarees_ornamentation): Sequential(\n      (0): Linear(in_features=512, out_features=256, bias=True)\n      (1): ReLU()\n      (2): Dropout(p=0.1, inplace=False)\n      (3): Linear(in_features=256, out_features=3, bias=True)\n    )\n    (Sarees_pallu_details): Sequential(\n      (0): Linear(in_features=512, out_features=256, bias=True)\n      (1): ReLU()\n      (2): Dropout(p=0.1, inplace=False)\n      (3): Linear(in_features=256, out_features=4, bias=True)\n    )\n    (Sarees_pattern): Sequential(\n      (0): Linear(in_features=512, out_features=256, bias=True)\n      (1): ReLU()\n      (2): Dropout(p=0.1, inplace=False)\n      (3): Linear(in_features=256, out_features=5, bias=True)\n    )\n    (Sarees_print_or_pattern_type): Sequential(\n      (0): Linear(in_features=512, out_features=256, bias=True)\n      (1): ReLU()\n      (2): Dropout(p=0.1, inplace=False)\n      (3): Linear(in_features=256, out_features=9, bias=True)\n    )\n    (Sarees_transparency): Sequential(\n      (0): Linear(in_features=512, out_features=256, bias=True)\n      (1): ReLU()\n      (2): Dropout(p=0.1, inplace=False)\n      (3): Linear(in_features=256, out_features=2, bias=True)\n    )\n    (Women Tops & Tunics_color): Sequential(\n      (0): Linear(in_features=512, out_features=256, bias=True)\n      (1): ReLU()\n      (2): Dropout(p=0.1, inplace=False)\n      (3): Linear(in_features=256, out_features=12, bias=True)\n    )\n    (Women Tops & Tunics_fit_shape): Sequential(\n      (0): Linear(in_features=512, out_features=256, bias=True)\n      (1): ReLU()\n      (2): Dropout(p=0.1, inplace=False)\n      (3): Linear(in_features=256, out_features=4, bias=True)\n    )\n    (Women Tops & Tunics_length): Sequential(\n      (0): Linear(in_features=512, out_features=256, bias=True)\n      (1): ReLU()\n      (2): Dropout(p=0.1, inplace=False)\n      (3): Linear(in_features=256, out_features=2, bias=True)\n    )\n    (Women Tops & Tunics_neck_collar): Sequential(\n      (0): Linear(in_features=512, out_features=256, bias=True)\n      (1): ReLU()\n      (2): Dropout(p=0.1, inplace=False)\n      (3): Linear(in_features=256, out_features=7, bias=True)\n    )\n    (Women Tops & Tunics_occasion): Sequential(\n      (0): Linear(in_features=512, out_features=256, bias=True)\n      (1): ReLU()\n      (2): Dropout(p=0.1, inplace=False)\n      (3): Linear(in_features=256, out_features=2, bias=True)\n    )\n    (Women Tops & Tunics_pattern): Sequential(\n      (0): Linear(in_features=512, out_features=256, bias=True)\n      (1): ReLU()\n      (2): Dropout(p=0.1, inplace=False)\n      (3): Linear(in_features=256, out_features=3, bias=True)\n    )\n    (Women Tops & Tunics_print_or_pattern_type): Sequential(\n      (0): Linear(in_features=512, out_features=256, bias=True)\n      (1): ReLU()\n      (2): Dropout(p=0.1, inplace=False)\n      (3): Linear(in_features=256, out_features=6, bias=True)\n    )\n    (Women Tops & Tunics_sleeve_length): Sequential(\n      (0): Linear(in_features=512, out_features=256, bias=True)\n      (1): ReLU()\n      (2): Dropout(p=0.1, inplace=False)\n      (3): Linear(in_features=256, out_features=4, bias=True)\n    )\n    (Women Tops & Tunics_sleeve_styling): Sequential(\n      (0): Linear(in_features=512, out_features=256, bias=True)\n      (1): ReLU()\n      (2): Dropout(p=0.1, inplace=False)\n      (3): Linear(in_features=256, out_features=4, bias=True)\n    )\n    (Women Tops & Tunics_surface_styling): Sequential(\n      (0): Linear(in_features=512, out_features=256, bias=True)\n      (1): ReLU()\n      (2): Dropout(p=0.1, inplace=False)\n      (3): Linear(in_features=256, out_features=6, bias=True)\n    )\n    (Women Tshirts_color): Sequential(\n      (0): Linear(in_features=512, out_features=256, bias=True)\n      (1): ReLU()\n      (2): Dropout(p=0.1, inplace=False)\n      (3): Linear(in_features=256, out_features=7, bias=True)\n    )\n    (Women Tshirts_fit_shape): Sequential(\n      (0): Linear(in_features=512, out_features=256, bias=True)\n      (1): ReLU()\n      (2): Dropout(p=0.1, inplace=False)\n      (3): Linear(in_features=256, out_features=3, bias=True)\n    )\n    (Women Tshirts_length): Sequential(\n      (0): Linear(in_features=512, out_features=256, bias=True)\n      (1): ReLU()\n      (2): Dropout(p=0.1, inplace=False)\n      (3): Linear(in_features=256, out_features=3, bias=True)\n    )\n    (Women Tshirts_pattern): Sequential(\n      (0): Linear(in_features=512, out_features=256, bias=True)\n      (1): ReLU()\n      (2): Dropout(p=0.1, inplace=False)\n      (3): Linear(in_features=256, out_features=3, bias=True)\n    )\n    (Women Tshirts_print_or_pattern_type): Sequential(\n      (0): Linear(in_features=512, out_features=256, bias=True)\n      (1): ReLU()\n      (2): Dropout(p=0.1, inplace=False)\n      (3): Linear(in_features=256, out_features=6, bias=True)\n    )\n    (Women Tshirts_sleeve_length): Sequential(\n      (0): Linear(in_features=512, out_features=256, bias=True)\n      (1): ReLU()\n      (2): Dropout(p=0.1, inplace=False)\n      (3): Linear(in_features=256, out_features=3, bias=True)\n    )\n    (Women Tshirts_sleeve_styling): Sequential(\n      (0): Linear(in_features=512, out_features=256, bias=True)\n      (1): ReLU()\n      (2): Dropout(p=0.1, inplace=False)\n      (3): Linear(in_features=256, out_features=2, bias=True)\n    )\n    (Women Tshirts_surface_styling): Sequential(\n      (0): Linear(in_features=512, out_features=256, bias=True)\n      (1): ReLU()\n      (2): Dropout(p=0.1, inplace=False)\n      (3): Linear(in_features=256, out_features=2, bias=True)\n    )\n  )\n)"
}
2024-10-29 00:38:56,513 | INFO | CLIP model loaded successfully
2024-10-29 00:38:56,516 | INFO | Starting epoch 1/40
2024-10-29 00:39:11,700 | ERROR | Error in batch 0: list indices must be integers or slices, not str
Traceback (most recent call last):
  File "/iitjhome/m23csa016/meesho_code/clipvit_uf_hyper_tune_val_fc.py", line 457, in train_model_with_validation
    clip_features = clip_model.encode_images(images, batch_size=batch_size)
  File "/iitjhome/m23csa016/.conda/envs/meesho/lib/python3.10/site-packages/fashion_clip/fashion_clip.py", line 193, in encode_images
    for batch in dataloader:
  File "/iitjhome/m23csa016/.conda/envs/meesho/lib/python3.10/site-packages/torch/utils/data/dataloader.py", line 630, in __next__
    data = self._next_data()
  File "/iitjhome/m23csa016/.conda/envs/meesho/lib/python3.10/site-packages/torch/utils/data/dataloader.py", line 673, in _next_data
    data = self._dataset_fetcher.fetch(index)  # may raise StopIteration
  File "/iitjhome/m23csa016/.conda/envs/meesho/lib/python3.10/site-packages/torch/utils/data/_utils/fetch.py", line 50, in fetch
    data = self.dataset.__getitems__(possibly_batched_index)
  File "/iitjhome/m23csa016/.conda/envs/meesho/lib/python3.10/site-packages/datasets/arrow_dataset.py", line 2876, in __getitems__
    batch = self.__getitem__(keys)
  File "/iitjhome/m23csa016/.conda/envs/meesho/lib/python3.10/site-packages/datasets/arrow_dataset.py", line 2872, in __getitem__
    return self._getitem(key)
  File "/iitjhome/m23csa016/.conda/envs/meesho/lib/python3.10/site-packages/datasets/arrow_dataset.py", line 2857, in _getitem
    formatted_output = format_table(
  File "/iitjhome/m23csa016/.conda/envs/meesho/lib/python3.10/site-packages/datasets/formatting/formatting.py", line 639, in format_table
    return formatter(pa_table, query_type=query_type)
  File "/iitjhome/m23csa016/.conda/envs/meesho/lib/python3.10/site-packages/datasets/formatting/formatting.py", line 407, in __call__
    return self.format_batch(pa_table)
  File "/iitjhome/m23csa016/.conda/envs/meesho/lib/python3.10/site-packages/datasets/formatting/formatting.py", line 522, in format_batch
    return self.transform(batch)
  File "/iitjhome/m23csa016/.conda/envs/meesho/lib/python3.10/site-packages/fashion_clip/fashion_clip.py", line 179, in transform_fn
    imgs = el['image'] if isinstance(el['image'][0], PIL.Image.Image) else [Image().decode_example(_) for _ in el['image']]
  File "/iitjhome/m23csa016/.conda/envs/meesho/lib/python3.10/site-packages/fashion_clip/fashion_clip.py", line 179, in <listcomp>
    imgs = el['image'] if isinstance(el['image'][0], PIL.Image.Image) else [Image().decode_example(_) for _ in el['image']]
  File "/iitjhome/m23csa016/.conda/envs/meesho/lib/python3.10/site-packages/datasets/features/image.py", line 163, in decode_example
    path, bytes_ = value["path"], value["bytes"]
TypeError: list indices must be integers or slices, not str
2024-10-29 00:39:16,715 | WARNING | Parameter 'transform'=<function FashionCLIP.encode_images.<locals>.transform_fn at 0x1535158dfd90> of the transform datasets.arrow_dataset.Dataset.set_format couldn't be hashed properly, a random hash was used instead. Make sure your transforms and parameters are serializable with pickle or dill for the dataset fingerprinting and caching to work. If you reuse this transform, the caching mechanism will consider it to be different from the previous calls and recompute everything. This warning is only showed once. Subsequent hashing failures won't be showed.
2024-10-29 00:39:19,467 | ERROR | Error in batch 1: list indices must be integers or slices, not str
Traceback (most recent call last):
  File "/iitjhome/m23csa016/meesho_code/clipvit_uf_hyper_tune_val_fc.py", line 457, in train_model_with_validation
    clip_features = clip_model.encode_images(images, batch_size=batch_size)
  File "/iitjhome/m23csa016/.conda/envs/meesho/lib/python3.10/site-packages/fashion_clip/fashion_clip.py", line 193, in encode_images
    for batch in dataloader:
  File "/iitjhome/m23csa016/.conda/envs/meesho/lib/python3.10/site-packages/torch/utils/data/dataloader.py", line 630, in __next__
    data = self._next_data()
  File "/iitjhome/m23csa016/.conda/envs/meesho/lib/python3.10/site-packages/torch/utils/data/dataloader.py", line 673, in _next_data
    data = self._dataset_fetcher.fetch(index)  # may raise StopIteration
  File "/iitjhome/m23csa016/.conda/envs/meesho/lib/python3.10/site-packages/torch/utils/data/_utils/fetch.py", line 50, in fetch
    data = self.dataset.__getitems__(possibly_batched_index)
  File "/iitjhome/m23csa016/.conda/envs/meesho/lib/python3.10/site-packages/datasets/arrow_dataset.py", line 2876, in __getitems__
    batch = self.__getitem__(keys)
  File "/iitjhome/m23csa016/.conda/envs/meesho/lib/python3.10/site-packages/datasets/arrow_dataset.py", line 2872, in __getitem__
    return self._getitem(key)
  File "/iitjhome/m23csa016/.conda/envs/meesho/lib/python3.10/site-packages/datasets/arrow_dataset.py", line 2857, in _getitem
    formatted_output = format_table(
  File "/iitjhome/m23csa016/.conda/envs/meesho/lib/python3.10/site-packages/datasets/formatting/formatting.py", line 639, in format_table
    return formatter(pa_table, query_type=query_type)
  File "/iitjhome/m23csa016/.conda/envs/meesho/lib/python3.10/site-packages/datasets/formatting/formatting.py", line 407, in __call__
    return self.format_batch(pa_table)
  File "/iitjhome/m23csa016/.conda/envs/meesho/lib/python3.10/site-packages/datasets/formatting/formatting.py", line 522, in format_batch
    return self.transform(batch)
  File "/iitjhome/m23csa016/.conda/envs/meesho/lib/python3.10/site-packages/fashion_clip/fashion_clip.py", line 179, in transform_fn
    imgs = el['image'] if isinstance(el['image'][0], PIL.Image.Image) else [Image().decode_example(_) for _ in el['image']]
  File "/iitjhome/m23csa016/.conda/envs/meesho/lib/python3.10/site-packages/fashion_clip/fashion_clip.py", line 179, in <listcomp>
    imgs = el['image'] if isinstance(el['image'][0], PIL.Image.Image) else [Image().decode_example(_) for _ in el['image']]
  File "/iitjhome/m23csa016/.conda/envs/meesho/lib/python3.10/site-packages/datasets/features/image.py", line 163, in decode_example
    path, bytes_ = value["path"], value["bytes"]
TypeError: list indices must be integers or slices, not str
2024-10-29 00:39:27,168 | ERROR | Error in batch 2: list indices must be integers or slices, not str
Traceback (most recent call last):
  File "/iitjhome/m23csa016/meesho_code/clipvit_uf_hyper_tune_val_fc.py", line 457, in train_model_with_validation
    clip_features = clip_model.encode_images(images, batch_size=batch_size)
  File "/iitjhome/m23csa016/.conda/envs/meesho/lib/python3.10/site-packages/fashion_clip/fashion_clip.py", line 193, in encode_images
    for batch in dataloader:
  File "/iitjhome/m23csa016/.conda/envs/meesho/lib/python3.10/site-packages/torch/utils/data/dataloader.py", line 630, in __next__
    data = self._next_data()
  File "/iitjhome/m23csa016/.conda/envs/meesho/lib/python3.10/site-packages/torch/utils/data/dataloader.py", line 673, in _next_data
    data = self._dataset_fetcher.fetch(index)  # may raise StopIteration
  File "/iitjhome/m23csa016/.conda/envs/meesho/lib/python3.10/site-packages/torch/utils/data/_utils/fetch.py", line 50, in fetch
    data = self.dataset.__getitems__(possibly_batched_index)
  File "/iitjhome/m23csa016/.conda/envs/meesho/lib/python3.10/site-packages/datasets/arrow_dataset.py", line 2876, in __getitems__
    batch = self.__getitem__(keys)
  File "/iitjhome/m23csa016/.conda/envs/meesho/lib/python3.10/site-packages/datasets/arrow_dataset.py", line 2872, in __getitem__
    return self._getitem(key)
  File "/iitjhome/m23csa016/.conda/envs/meesho/lib/python3.10/site-packages/datasets/arrow_dataset.py", line 2857, in _getitem
    formatted_output = format_table(
  File "/iitjhome/m23csa016/.conda/envs/meesho/lib/python3.10/site-packages/datasets/formatting/formatting.py", line 639, in format_table
    return formatter(pa_table, query_type=query_type)
  File "/iitjhome/m23csa016/.conda/envs/meesho/lib/python3.10/site-packages/datasets/formatting/formatting.py", line 407, in __call__
    return self.format_batch(pa_table)
  File "/iitjhome/m23csa016/.conda/envs/meesho/lib/python3.10/site-packages/datasets/formatting/formatting.py", line 522, in format_batch
    return self.transform(batch)
  File "/iitjhome/m23csa016/.conda/envs/meesho/lib/python3.10/site-packages/fashion_clip/fashion_clip.py", line 179, in transform_fn
    imgs = el['image'] if isinstance(el['image'][0], PIL.Image.Image) else [Image().decode_example(_) for _ in el['image']]
  File "/iitjhome/m23csa016/.conda/envs/meesho/lib/python3.10/site-packages/fashion_clip/fashion_clip.py", line 179, in <listcomp>
    imgs = el['image'] if isinstance(el['image'][0], PIL.Image.Image) else [Image().decode_example(_) for _ in el['image']]
  File "/iitjhome/m23csa016/.conda/envs/meesho/lib/python3.10/site-packages/datasets/features/image.py", line 163, in decode_example
    path, bytes_ = value["path"], value["bytes"]
TypeError: list indices must be integers or slices, not str
