2024-10-26 19:20:25,154 | INFO | Starting hyperparameter search
2024-10-26 19:20:25,154 | INFO | Hyperparameter search space:
2024-10-26 19:20:25,155 | INFO | {
  "clip_lr": [
    1e-05,
    0.0001,
    5e-06
  ],
  "predictor_lr": [
    5e-05,
    0.0005,
    0.001
  ],
  "weight_decay": [
    0.001,
    0.05,
    0.1
  ],
  "beta1": [
    0.9,
    0.95
  ],
  "beta2": [
    0.999,
    0.9999
  ],
  "hidden_dim": [
    256,
    768,
    1024
  ],
  "dropout_rate": [
    0.1,
    0.3,
    0.4,
    0.5
  ],
  "num_hidden_layers": [
    1,
    2,
    3
  ]
}
2024-10-26 19:20:34,706 | INFO | Dataset loaded successfully with 70213 samples
2024-10-26 19:20:34,707 | INFO | Attribute dimensions:
2024-10-26 19:20:34,707 | INFO | {
  "Kurtis_color": 13,
  "Kurtis_fit_shape": 2,
  "Kurtis_length": 2,
  "Kurtis_occasion": 2,
  "Kurtis_ornamentation": 2,
  "Kurtis_pattern": 2,
  "Kurtis_print_or_pattern_type": 2,
  "Kurtis_sleeve_length": 3,
  "Kurtis_sleeve_styling": 2,
  "Men Tshirts_color": 4,
  "Men Tshirts_neck": 2,
  "Men Tshirts_pattern": 2,
  "Men Tshirts_print_or_pattern_type": 3,
  "Men Tshirts_sleeve_length": 2,
  "Sarees_blouse_pattern": 4,
  "Sarees_border": 6,
  "Sarees_border_width": 3,
  "Sarees_color": 8,
  "Sarees_occasion": 4,
  "Sarees_ornamentation": 3,
  "Sarees_pallu_details": 4,
  "Sarees_pattern": 5,
  "Sarees_print_or_pattern_type": 9,
  "Sarees_transparency": 2,
  "Women Tops & Tunics_color": 12,
  "Women Tops & Tunics_fit_shape": 4,
  "Women Tops & Tunics_length": 2,
  "Women Tops & Tunics_neck_collar": 7,
  "Women Tops & Tunics_occasion": 2,
  "Women Tops & Tunics_pattern": 3,
  "Women Tops & Tunics_print_or_pattern_type": 6,
  "Women Tops & Tunics_sleeve_length": 4,
  "Women Tops & Tunics_sleeve_styling": 4,
  "Women Tops & Tunics_surface_styling": 6,
  "Women Tshirts_color": 7,
  "Women Tshirts_fit_shape": 3,
  "Women Tshirts_length": 3,
  "Women Tshirts_pattern": 3,
  "Women Tshirts_print_or_pattern_type": 6,
  "Women Tshirts_sleeve_length": 3,
  "Women Tshirts_sleeve_styling": 2,
  "Women Tshirts_surface_styling": 2
}
2024-10-26 19:20:34,772 | INFO | 
Initialized model with architecture parameters:
2024-10-26 19:20:34,772 | INFO | Hidden Dim: 256, Dropout: 0.1, Layers: 1
2024-10-26 19:20:34,772 | INFO | 
Starting training with optimizer parameters:
2024-10-26 19:20:34,772 | INFO | CLIP LR: 1e-05, Predictor LR: 5e-05, Weight Decay: 0.001, Beta1: 0.9, Beta2: 0.999
2024-10-26 19:20:34,772 | INFO | Starting new training run
2024-10-26 19:20:34,774 | INFO | Training hyperparameters:
2024-10-26 19:20:34,774 | INFO | {
  "clip_lr": 1e-05,
  "predictor_lr": 5e-05,
  "weight_decay": 0.001,
  "beta1": 0.9,
  "beta2": 0.999,
  "num_epochs": 20,
  "device": "cuda",
  "model_architecture": "CategoryAwareAttributePredictor(\n  (attribute_predictors): ModuleDict(\n    (Kurtis_color): Sequential(\n      (0): Linear(in_features=768, out_features=256, bias=True)\n      (1): ReLU()\n      (2): Dropout(p=0.1, inplace=False)\n      (3): Linear(in_features=256, out_features=13, bias=True)\n    )\n    (Kurtis_fit_shape): Sequential(\n      (0): Linear(in_features=768, out_features=256, bias=True)\n      (1): ReLU()\n      (2): Dropout(p=0.1, inplace=False)\n      (3): Linear(in_features=256, out_features=2, bias=True)\n    )\n    (Kurtis_length): Sequential(\n      (0): Linear(in_features=768, out_features=256, bias=True)\n      (1): ReLU()\n      (2): Dropout(p=0.1, inplace=False)\n      (3): Linear(in_features=256, out_features=2, bias=True)\n    )\n    (Kurtis_occasion): Sequential(\n      (0): Linear(in_features=768, out_features=256, bias=True)\n      (1): ReLU()\n      (2): Dropout(p=0.1, inplace=False)\n      (3): Linear(in_features=256, out_features=2, bias=True)\n    )\n    (Kurtis_ornamentation): Sequential(\n      (0): Linear(in_features=768, out_features=256, bias=True)\n      (1): ReLU()\n      (2): Dropout(p=0.1, inplace=False)\n      (3): Linear(in_features=256, out_features=2, bias=True)\n    )\n    (Kurtis_pattern): Sequential(\n      (0): Linear(in_features=768, out_features=256, bias=True)\n      (1): ReLU()\n      (2): Dropout(p=0.1, inplace=False)\n      (3): Linear(in_features=256, out_features=2, bias=True)\n    )\n    (Kurtis_print_or_pattern_type): Sequential(\n      (0): Linear(in_features=768, out_features=256, bias=True)\n      (1): ReLU()\n      (2): Dropout(p=0.1, inplace=False)\n      (3): Linear(in_features=256, out_features=2, bias=True)\n    )\n    (Kurtis_sleeve_length): Sequential(\n      (0): Linear(in_features=768, out_features=256, bias=True)\n      (1): ReLU()\n      (2): Dropout(p=0.1, inplace=False)\n      (3): Linear(in_features=256, out_features=3, bias=True)\n    )\n    (Kurtis_sleeve_styling): Sequential(\n      (0): Linear(in_features=768, out_features=256, bias=True)\n      (1): ReLU()\n      (2): Dropout(p=0.1, inplace=False)\n      (3): Linear(in_features=256, out_features=2, bias=True)\n    )\n    (Men Tshirts_color): Sequential(\n      (0): Linear(in_features=768, out_features=256, bias=True)\n      (1): ReLU()\n      (2): Dropout(p=0.1, inplace=False)\n      (3): Linear(in_features=256, out_features=4, bias=True)\n    )\n    (Men Tshirts_neck): Sequential(\n      (0): Linear(in_features=768, out_features=256, bias=True)\n      (1): ReLU()\n      (2): Dropout(p=0.1, inplace=False)\n      (3): Linear(in_features=256, out_features=2, bias=True)\n    )\n    (Men Tshirts_pattern): Sequential(\n      (0): Linear(in_features=768, out_features=256, bias=True)\n      (1): ReLU()\n      (2): Dropout(p=0.1, inplace=False)\n      (3): Linear(in_features=256, out_features=2, bias=True)\n    )\n    (Men Tshirts_print_or_pattern_type): Sequential(\n      (0): Linear(in_features=768, out_features=256, bias=True)\n      (1): ReLU()\n      (2): Dropout(p=0.1, inplace=False)\n      (3): Linear(in_features=256, out_features=3, bias=True)\n    )\n    (Men Tshirts_sleeve_length): Sequential(\n      (0): Linear(in_features=768, out_features=256, bias=True)\n      (1): ReLU()\n      (2): Dropout(p=0.1, inplace=False)\n      (3): Linear(in_features=256, out_features=2, bias=True)\n    )\n    (Sarees_blouse_pattern): Sequential(\n      (0): Linear(in_features=768, out_features=256, bias=True)\n      (1): ReLU()\n      (2): Dropout(p=0.1, inplace=False)\n      (3): Linear(in_features=256, out_features=4, bias=True)\n    )\n    (Sarees_border): Sequential(\n      (0): Linear(in_features=768, out_features=256, bias=True)\n      (1): ReLU()\n      (2): Dropout(p=0.1, inplace=False)\n      (3): Linear(in_features=256, out_features=6, bias=True)\n    )\n    (Sarees_border_width): Sequential(\n      (0): Linear(in_features=768, out_features=256, bias=True)\n      (1): ReLU()\n      (2): Dropout(p=0.1, inplace=False)\n      (3): Linear(in_features=256, out_features=3, bias=True)\n    )\n    (Sarees_color): Sequential(\n      (0): Linear(in_features=768, out_features=256, bias=True)\n      (1): ReLU()\n      (2): Dropout(p=0.1, inplace=False)\n      (3): Linear(in_features=256, out_features=8, bias=True)\n    )\n    (Sarees_occasion): Sequential(\n      (0): Linear(in_features=768, out_features=256, bias=True)\n      (1): ReLU()\n      (2): Dropout(p=0.1, inplace=False)\n      (3): Linear(in_features=256, out_features=4, bias=True)\n    )\n    (Sarees_ornamentation): Sequential(\n      (0): Linear(in_features=768, out_features=256, bias=True)\n      (1): ReLU()\n      (2): Dropout(p=0.1, inplace=False)\n      (3): Linear(in_features=256, out_features=3, bias=True)\n    )\n    (Sarees_pallu_details): Sequential(\n      (0): Linear(in_features=768, out_features=256, bias=True)\n      (1): ReLU()\n      (2): Dropout(p=0.1, inplace=False)\n      (3): Linear(in_features=256, out_features=4, bias=True)\n    )\n    (Sarees_pattern): Sequential(\n      (0): Linear(in_features=768, out_features=256, bias=True)\n      (1): ReLU()\n      (2): Dropout(p=0.1, inplace=False)\n      (3): Linear(in_features=256, out_features=5, bias=True)\n    )\n    (Sarees_print_or_pattern_type): Sequential(\n      (0): Linear(in_features=768, out_features=256, bias=True)\n      (1): ReLU()\n      (2): Dropout(p=0.1, inplace=False)\n      (3): Linear(in_features=256, out_features=9, bias=True)\n    )\n    (Sarees_transparency): Sequential(\n      (0): Linear(in_features=768, out_features=256, bias=True)\n      (1): ReLU()\n      (2): Dropout(p=0.1, inplace=False)\n      (3): Linear(in_features=256, out_features=2, bias=True)\n    )\n    (Women Tops & Tunics_color): Sequential(\n      (0): Linear(in_features=768, out_features=256, bias=True)\n      (1): ReLU()\n      (2): Dropout(p=0.1, inplace=False)\n      (3): Linear(in_features=256, out_features=12, bias=True)\n    )\n    (Women Tops & Tunics_fit_shape): Sequential(\n      (0): Linear(in_features=768, out_features=256, bias=True)\n      (1): ReLU()\n      (2): Dropout(p=0.1, inplace=False)\n      (3): Linear(in_features=256, out_features=4, bias=True)\n    )\n    (Women Tops & Tunics_length): Sequential(\n      (0): Linear(in_features=768, out_features=256, bias=True)\n      (1): ReLU()\n      (2): Dropout(p=0.1, inplace=False)\n      (3): Linear(in_features=256, out_features=2, bias=True)\n    )\n    (Women Tops & Tunics_neck_collar): Sequential(\n      (0): Linear(in_features=768, out_features=256, bias=True)\n      (1): ReLU()\n      (2): Dropout(p=0.1, inplace=False)\n      (3): Linear(in_features=256, out_features=7, bias=True)\n    )\n    (Women Tops & Tunics_occasion): Sequential(\n      (0): Linear(in_features=768, out_features=256, bias=True)\n      (1): ReLU()\n      (2): Dropout(p=0.1, inplace=False)\n      (3): Linear(in_features=256, out_features=2, bias=True)\n    )\n    (Women Tops & Tunics_pattern): Sequential(\n      (0): Linear(in_features=768, out_features=256, bias=True)\n      (1): ReLU()\n      (2): Dropout(p=0.1, inplace=False)\n      (3): Linear(in_features=256, out_features=3, bias=True)\n    )\n    (Women Tops & Tunics_print_or_pattern_type): Sequential(\n      (0): Linear(in_features=768, out_features=256, bias=True)\n      (1): ReLU()\n      (2): Dropout(p=0.1, inplace=False)\n      (3): Linear(in_features=256, out_features=6, bias=True)\n    )\n    (Women Tops & Tunics_sleeve_length): Sequential(\n      (0): Linear(in_features=768, out_features=256, bias=True)\n      (1): ReLU()\n      (2): Dropout(p=0.1, inplace=False)\n      (3): Linear(in_features=256, out_features=4, bias=True)\n    )\n    (Women Tops & Tunics_sleeve_styling): Sequential(\n      (0): Linear(in_features=768, out_features=256, bias=True)\n      (1): ReLU()\n      (2): Dropout(p=0.1, inplace=False)\n      (3): Linear(in_features=256, out_features=4, bias=True)\n    )\n    (Women Tops & Tunics_surface_styling): Sequential(\n      (0): Linear(in_features=768, out_features=256, bias=True)\n      (1): ReLU()\n      (2): Dropout(p=0.1, inplace=False)\n      (3): Linear(in_features=256, out_features=6, bias=True)\n    )\n    (Women Tshirts_color): Sequential(\n      (0): Linear(in_features=768, out_features=256, bias=True)\n      (1): ReLU()\n      (2): Dropout(p=0.1, inplace=False)\n      (3): Linear(in_features=256, out_features=7, bias=True)\n    )\n    (Women Tshirts_fit_shape): Sequential(\n      (0): Linear(in_features=768, out_features=256, bias=True)\n      (1): ReLU()\n      (2): Dropout(p=0.1, inplace=False)\n      (3): Linear(in_features=256, out_features=3, bias=True)\n    )\n    (Women Tshirts_length): Sequential(\n      (0): Linear(in_features=768, out_features=256, bias=True)\n      (1): ReLU()\n      (2): Dropout(p=0.1, inplace=False)\n      (3): Linear(in_features=256, out_features=3, bias=True)\n    )\n    (Women Tshirts_pattern): Sequential(\n      (0): Linear(in_features=768, out_features=256, bias=True)\n      (1): ReLU()\n      (2): Dropout(p=0.1, inplace=False)\n      (3): Linear(in_features=256, out_features=3, bias=True)\n    )\n    (Women Tshirts_print_or_pattern_type): Sequential(\n      (0): Linear(in_features=768, out_features=256, bias=True)\n      (1): ReLU()\n      (2): Dropout(p=0.1, inplace=False)\n      (3): Linear(in_features=256, out_features=6, bias=True)\n    )\n    (Women Tshirts_sleeve_length): Sequential(\n      (0): Linear(in_features=768, out_features=256, bias=True)\n      (1): ReLU()\n      (2): Dropout(p=0.1, inplace=False)\n      (3): Linear(in_features=256, out_features=3, bias=True)\n    )\n    (Women Tshirts_sleeve_styling): Sequential(\n      (0): Linear(in_features=768, out_features=256, bias=True)\n      (1): ReLU()\n      (2): Dropout(p=0.1, inplace=False)\n      (3): Linear(in_features=256, out_features=2, bias=True)\n    )\n    (Women Tshirts_surface_styling): Sequential(\n      (0): Linear(in_features=768, out_features=256, bias=True)\n      (1): ReLU()\n      (2): Dropout(p=0.1, inplace=False)\n      (3): Linear(in_features=256, out_features=2, bias=True)\n    )\n  )\n)"
}
2024-10-26 19:20:43,028 | INFO | CLIP model loaded successfully
2024-10-26 19:20:43,034 | INFO | Starting epoch 1/20
2024-10-26 19:20:51,080 | INFO | Epoch 1, Batch 0: Loss = 1.3551, Accuracy = 25.4310%
